#
# There is insufficient memory for the Java Runtime Environment to continue.
# Native memory allocation (mmap) failed to map 50331648 bytes for G1 virtual space
# Possible reasons:
#   The system is out of physical RAM or swap space
#   The process is running with CompressedOops enabled, and the Java Heap may be blocking the growth of the native heap
# Possible solutions:
#   Reduce memory load on the system
#   Increase physical memory or swap space
#   Check if swap backing store is full
#   Decrease Java heap size (-Xmx/-Xms)
#   Decrease number of Java threads
#   Decrease Java thread stack sizes (-Xss)
#   Set larger code cache with -XX:ReservedCodeCacheSize=
#   JVM is running with Unscaled Compressed Oops mode in which the Java heap is
#     placed in the first 4GB address space. The Java Heap base address is the
#     maximum limit for the native heap growth. Please use -XX:HeapBaseMinAddress
#     to set the Java Heap base and to place the Java Heap above 4GB virtual address.
# This output file may be truncated or incomplete.
#
#  Out of Memory Error (os_windows.cpp:3541), pid=1084, tid=11900
#
# JRE version: Java(TM) SE Runtime Environment (17.0.5+9) (build 17.0.5+9-LTS-191)
# Java VM: Java HotSpot(TM) 64-Bit Server VM (17.0.5+9-LTS-191, mixed mode, emulated-client, sharing, tiered, compressed oops, compressed class ptrs, g1 gc, windows-amd64)
# No core dump will be written. Minidumps are not enabled by default on client versions of Windows
#

---------------  S U M M A R Y ------------

Command Line: -XX:TieredStopAtLevel=1 -Dspring.output.ansi.enabled=always -Dcom.sun.management.jmxremote -Dspring.jmx.enabled=true -Dspring.liveBeansView.mbeanDomain -Dspring.application.admin.enabled=true -Dmanagement.endpoints.jmx.exposure.include=* -javaagent:C:\Program Files\JetBrains\IntelliJ IDEA 2022.2.2\lib\idea_rt.jar=51757:C:\Program Files\JetBrains\IntelliJ IDEA 2022.2.2\bin -Dfile.encoding=UTF-8 pi.enset.PiApplication

Host: Intel(R) Core(TM) i5-8250U CPU @ 1.60GHz, 8 cores, 7G,  Windows 10 , 64 bit Build 19041 (10.0.19041.2913)
Time: Sun May 28 13:22:21 2023 Morocco Daylight Time elapsed time: 15.181146 seconds (0d 0h 0m 15s)

---------------  T H R E A D  ---------------

Current thread (0x0000015f92595ee0):  VMThread "VM Thread" [stack: 0x0000000da4100000,0x0000000da4200000] [id=11900]

Stack: [0x0000000da4100000,0x0000000da4200000]
Native frames: (J=compiled Java code, j=interpreted, Vv=VM code, C=native code)
V  [jvm.dll+0x672eea]
V  [jvm.dll+0x7d2a04]
V  [jvm.dll+0x7d41ae]
V  [jvm.dll+0x7d4813]
V  [jvm.dll+0x242c15]
V  [jvm.dll+0x66fe09]
V  [jvm.dll+0x664682]
V  [jvm.dll+0x300e8b]
V  [jvm.dll+0x308426]
V  [jvm.dll+0x357ffe]
V  [jvm.dll+0x35822f]
V  [jvm.dll+0x2d80a8]
V  [jvm.dll+0x2d6374]
V  [jvm.dll+0x2d597c]
V  [jvm.dll+0x3193eb]
V  [jvm.dll+0x7d8ceb]
V  [jvm.dll+0x7d9a24]
V  [jvm.dll+0x7d9f3c]
V  [jvm.dll+0x7da314]
V  [jvm.dll+0x7da3e0]
V  [jvm.dll+0x782b4a]
V  [jvm.dll+0x671d75]
C  [ucrtbase.dll+0x21bb2]
C  [KERNEL32.DLL+0x17614]
C  [ntdll.dll+0x526a1]

VM_Operation (0x0000000da3bfca90): G1CollectForAllocation, mode: safepoint, requested by thread 0x0000015f8082faf0


---------------  P R O C E S S  ---------------

Threads class SMR info:
_java_thread_list=0x0000015f959d5c10, length=22, elements={
0x0000015f8082faf0, 0x0000015f9259e7a0, 0x0000015f925a1420, 0x0000015f925b1240,
0x0000015f925b1dc0, 0x0000015f925b3780, 0x0000015f925b4130, 0x0000015f925b4b90,
0x0000015f925b5580, 0x0000015f92586cb0, 0x0000015f92587350, 0x0000015f933fdba0,
0x0000015f9343a040, 0x0000015f935a0230, 0x0000015f938e23a0, 0x0000015f938c0ce0,
0x0000015f94c44c70, 0x0000015f94c3da90, 0x0000015f937d4c80, 0x0000015f952fcbe0,
0x0000015f952fb3d0, 0x0000015f952fa090
}

Java Threads: ( => current thread )
  0x0000015f8082faf0 JavaThread "main" [_thread_blocked, id=18024, stack(0x0000000da3b00000,0x0000000da3c00000)]
  0x0000015f9259e7a0 JavaThread "Reference Handler" daemon [_thread_blocked, id=16488, stack(0x0000000da4200000,0x0000000da4300000)]
  0x0000015f925a1420 JavaThread "Finalizer" daemon [_thread_blocked, id=2992, stack(0x0000000da4300000,0x0000000da4400000)]
  0x0000015f925b1240 JavaThread "Signal Dispatcher" daemon [_thread_blocked, id=8236, stack(0x0000000da4400000,0x0000000da4500000)]
  0x0000015f925b1dc0 JavaThread "Attach Listener" daemon [_thread_blocked, id=17444, stack(0x0000000da4500000,0x0000000da4600000)]
  0x0000015f925b3780 JavaThread "Service Thread" daemon [_thread_blocked, id=8992, stack(0x0000000da4600000,0x0000000da4700000)]
  0x0000015f925b4130 JavaThread "Monitor Deflation Thread" daemon [_thread_blocked, id=4432, stack(0x0000000da4700000,0x0000000da4800000)]
  0x0000015f925b4b90 JavaThread "C1 CompilerThread0" daemon [_thread_blocked, id=14692, stack(0x0000000da4800000,0x0000000da4900000)]
  0x0000015f925b5580 JavaThread "Sweeper thread" daemon [_thread_blocked, id=15744, stack(0x0000000da4900000,0x0000000da4a00000)]
  0x0000015f92586cb0 JavaThread "Common-Cleaner" daemon [_thread_blocked, id=11368, stack(0x0000000da4a00000,0x0000000da4b00000)]
  0x0000015f92587350 JavaThread "C1 CompilerThread1" daemon [_thread_blocked, id=11104, stack(0x0000000da4b00000,0x0000000da4c00000)]
  0x0000015f933fdba0 JavaThread "Monitor Ctrl-Break" daemon [_thread_in_native, id=16904, stack(0x0000000da4c00000,0x0000000da4d00000)]
  0x0000015f9343a040 JavaThread "Notification Thread" daemon [_thread_blocked, id=14028, stack(0x0000000da4d00000,0x0000000da4e00000)]
  0x0000015f935a0230 JavaThread "RMI TCP Accept-0" daemon [_thread_in_native, id=17672, stack(0x0000000da4e00000,0x0000000da4f00000)]
  0x0000015f938e23a0 JavaThread "RMI TCP Connection(1)-192.168.1.4" daemon [_thread_in_native, id=15728, stack(0x0000000da5000000,0x0000000da5100000)]
  0x0000015f938c0ce0 JavaThread "RMI Scheduler(0)" daemon [_thread_blocked, id=18348, stack(0x0000000da5100000,0x0000000da5200000)]
  0x0000015f94c44c70 JavaThread "C1 CompilerThread2" daemon [_thread_blocked, id=15608, stack(0x0000000da5b00000,0x0000000da5c00000)]
  0x0000015f94c3da90 JavaThread "C1 CompilerThread3" daemon [_thread_blocked, id=4952, stack(0x0000000da5c00000,0x0000000da5d00000)]
  0x0000015f937d4c80 JavaThread "HikariPool-1 housekeeper" daemon [_thread_blocked, id=16400, stack(0x0000000da5d00000,0x0000000da5e00000)]
  0x0000015f952fcbe0 JavaThread "Catalina-utility-1" [_thread_blocked, id=6184, stack(0x0000000da5e00000,0x0000000da5f00000)]
  0x0000015f952fb3d0 JavaThread "Catalina-utility-2" [_thread_blocked, id=15428, stack(0x0000000da6000000,0x0000000da6100000)]
  0x0000015f952fa090 JavaThread "container-0" [_thread_blocked, id=16296, stack(0x0000000da6100000,0x0000000da6200000)]

Other Threads:
=>0x0000015f92595ee0 VMThread "VM Thread" [stack: 0x0000000da4100000,0x0000000da4200000] [id=11900]
  0x0000015f935a7d00 WatcherThread [stack: 0x0000000da4f00000,0x0000000da5000000] [id=5476]
  0x0000015f808873a0 GCTaskThread "GC Thread#0" [stack: 0x0000000da3c00000,0x0000000da3d00000] [id=15404]
  0x0000015f93978d80 GCTaskThread "GC Thread#1" [stack: 0x0000000da5200000,0x0000000da5300000] [id=12188]
  0x0000015f939810e0 GCTaskThread "GC Thread#2" [stack: 0x0000000da5300000,0x0000000da5400000] [id=13636]
  0x0000015f939c9bb0 GCTaskThread "GC Thread#3" [stack: 0x0000000da5400000,0x0000000da5500000] [id=10084]
  0x0000015f939c9e60 GCTaskThread "GC Thread#4" [stack: 0x0000000da5500000,0x0000000da5600000] [id=2416]
  0x0000015f939ca110 GCTaskThread "GC Thread#5" [stack: 0x0000000da5600000,0x0000000da5700000] [id=17504]
  0x0000015f939ca3c0 GCTaskThread "GC Thread#6" [stack: 0x0000000da5700000,0x0000000da5800000] [id=12100]
  0x0000015f939cb290 GCTaskThread "GC Thread#7" [stack: 0x0000000da5800000,0x0000000da5900000] [id=248]
  0x0000015f80898a70 ConcurrentGCThread "G1 Main Marker" [stack: 0x0000000da3d00000,0x0000000da3e00000] [id=5100]
  0x0000015f80899c20 ConcurrentGCThread "G1 Conc#0" [stack: 0x0000000da3e00000,0x0000000da3f00000] [id=7732]
  0x0000015f95044bf0 ConcurrentGCThread "G1 Conc#1" [stack: 0x0000000da5a00000,0x0000000da5b00000] [id=7996]
  0x0000015f924440b0 ConcurrentGCThread "G1 Refine#0" [stack: 0x0000000da3f00000,0x0000000da4000000] [id=8080]
  0x0000015f93967f20 ConcurrentGCThread "G1 Refine#1" [stack: 0x0000000da5900000,0x0000000da5a00000] [id=5492]
  0x0000015f92444ad0 ConcurrentGCThread "G1 Service" [stack: 0x0000000da4000000,0x0000000da4100000] [id=10816]

Threads with active compile tasks:

VM state: at safepoint (normal execution)

VM Mutex/Monitor currently owned by a thread:  ([mutex/lock_event])
[0x0000015f8082b4a0] Threads_lock - owner thread: 0x0000015f92595ee0
[0x0000015f8082bec0] Heap_lock - owner thread: 0x0000015f8082faf0

Heap address: 0x0000000084400000, size: 1980 MB, Compressed Oops mode: 32-bit

CDS archive(s) mapped at: [0x0000000800000000-0x0000000800bd0000-0x0000000800bd0000), size 12386304, SharedBaseAddress: 0x0000000800000000, ArchiveRelocationMode: 0.
Compressed class space mapped at: 0x0000000800c00000-0x0000000840c00000, reserved size: 1073741824
Narrow klass base: 0x0000000800000000, Narrow klass shift: 0, Narrow klass range: 0x100000000

GC Precious Log:
 CPUs: 8 total, 8 available
 Memory: 7915M
 Large Page Support: Disabled
 NUMA Support: Disabled
 Compressed Oops: Enabled (32-bit)
 Heap Region Size: 1M
 Heap Min Capacity: 8M
 Heap Initial Capacity: 124M
 Heap Max Capacity: 1980M
 Pre-touch: Disabled
 Parallel Workers: 8
 Concurrent Workers: 2
 Concurrent Refinement Workers: 8
 Periodic GC: Disabled

Heap:
 garbage-first heap   total 61440K, used 26080K [0x0000000084400000, 0x0000000100000000)
  region size 1024K, 3 young (3072K), 3 survivors (3072K)
 Metaspace       used 56847K, committed 57408K, reserved 1105920K
  class space    used 8177K, committed 8448K, reserved 1048576K

Heap Regions: E=young(eden), S=young(survivor), O=old, HS=humongous(starts), HC=humongous(continues), CS=collection set, F=free, OA=open archive, CA=closed archive, TAMS=top-at-mark-start (previous, next)
|   0|0x0000000084400000, 0x0000000084500000, 0x0000000084500000|100%|HS|  |TAMS 0x0000000084500000, 0x0000000084400000| Complete 
|   1|0x0000000084500000, 0x0000000084600000, 0x0000000084600000|100%| O|  |TAMS 0x0000000084600000, 0x0000000084500000| Untracked 
|   2|0x0000000084600000, 0x0000000084700000, 0x0000000084700000|100%| O|  |TAMS 0x0000000084700000, 0x0000000084600000| Untracked 
|   3|0x0000000084700000, 0x0000000084800000, 0x0000000084800000|100%| O|  |TAMS 0x0000000084800000, 0x0000000084700000| Untracked 
|   4|0x0000000084800000, 0x0000000084900000, 0x0000000084900000|100%| O|  |TAMS 0x0000000084900000, 0x0000000084800000| Untracked 
|   5|0x0000000084900000, 0x0000000084a00000, 0x0000000084a00000|100%| O|  |TAMS 0x0000000084a00000, 0x0000000084900000| Untracked 
|   6|0x0000000084a00000, 0x0000000084b00000, 0x0000000084b00000|100%| O|  |TAMS 0x0000000084b00000, 0x0000000084a00000| Untracked 
|   7|0x0000000084b00000, 0x0000000084c00000, 0x0000000084c00000|100%| O|  |TAMS 0x0000000084b00000, 0x0000000084b00000| Untracked 
|   8|0x0000000084c00000, 0x0000000084d00000, 0x0000000084d00000|100%| O|  |TAMS 0x0000000084d00000, 0x0000000084c00000| Untracked 
|   9|0x0000000084d00000, 0x0000000084e00000, 0x0000000084e00000|100%| O|  |TAMS 0x0000000084e00000, 0x0000000084d00000| Untracked 
|  10|0x0000000084e00000, 0x0000000084f00000, 0x0000000084f00000|100%| O|  |TAMS 0x0000000084f00000, 0x0000000084e00000| Untracked 
|  11|0x0000000084f00000, 0x0000000085000000, 0x0000000085000000|100%| O|  |TAMS 0x0000000085000000, 0x0000000084f00000| Untracked 
|  12|0x0000000085000000, 0x0000000085100000, 0x0000000085100000|100%| O|  |TAMS 0x0000000085100000, 0x0000000085000000| Untracked 
|  13|0x0000000085100000, 0x0000000085200000, 0x0000000085200000|100%| O|  |TAMS 0x0000000085200000, 0x0000000085100000| Untracked 
|  14|0x0000000085200000, 0x0000000085300000, 0x0000000085300000|100%| O|  |TAMS 0x0000000085300000, 0x0000000085200000| Untracked 
|  15|0x0000000085300000, 0x0000000085400000, 0x0000000085400000|100%| O|  |TAMS 0x0000000085300000, 0x0000000085300000| Untracked 
|  16|0x0000000085400000, 0x0000000085500000, 0x0000000085500000|100%| O|  |TAMS 0x0000000085400000, 0x0000000085400000| Untracked 
|  17|0x0000000085500000, 0x0000000085600000, 0x0000000085600000|100%| O|  |TAMS 0x0000000085500000, 0x0000000085500000| Untracked 
|  18|0x0000000085600000, 0x0000000085700000, 0x0000000085700000|100%| O|  |TAMS 0x0000000085600000, 0x0000000085600000| Untracked 
|  19|0x0000000085700000, 0x0000000085800000, 0x0000000085800000|100%| O|  |TAMS 0x0000000085700000, 0x0000000085700000| Untracked 
|  20|0x0000000085800000, 0x0000000085900000, 0x0000000085900000|100%| O|  |TAMS 0x0000000085800000, 0x0000000085800000| Untracked 
|  21|0x0000000085900000, 0x0000000085a00000, 0x0000000085a00000|100%| O|  |TAMS 0x0000000085900000, 0x0000000085900000| Untracked 
|  22|0x0000000085a00000, 0x0000000085b00000, 0x0000000085b00000|100%| O|  |TAMS 0x0000000085a00000, 0x0000000085a00000| Untracked 
|  23|0x0000000085b00000, 0x0000000085b47000, 0x0000000085c00000| 27%| O|  |TAMS 0x0000000085b00000, 0x0000000085b00000| Untracked 
|  24|0x0000000085c00000, 0x0000000085c00000, 0x0000000085d00000|  0%| F|  |TAMS 0x0000000085c00000, 0x0000000085c00000| Untracked 
|  25|0x0000000085d00000, 0x0000000085d00000, 0x0000000085e00000|  0%| F|  |TAMS 0x0000000085d00000, 0x0000000085d00000| Untracked 
|  26|0x0000000085e00000, 0x0000000085e00000, 0x0000000085f00000|  0%| F|  |TAMS 0x0000000085e00000, 0x0000000085e00000| Untracked 
|  27|0x0000000085f00000, 0x0000000085f00000, 0x0000000086000000|  0%| F|  |TAMS 0x0000000085f00000, 0x0000000085f00000| Untracked 
|  28|0x0000000086000000, 0x0000000086000000, 0x0000000086100000|  0%| F|  |TAMS 0x0000000086000000, 0x0000000086000000| Untracked 
|  29|0x0000000086100000, 0x0000000086100000, 0x0000000086200000|  0%| F|  |TAMS 0x0000000086100000, 0x0000000086100000| Untracked 
|  30|0x0000000086200000, 0x0000000086200000, 0x0000000086300000|  0%| F|  |TAMS 0x0000000086200000, 0x0000000086200000| Untracked 
|  31|0x0000000086300000, 0x0000000086300000, 0x0000000086400000|  0%| F|  |TAMS 0x0000000086300000, 0x0000000086300000| Untracked 
|  32|0x0000000086400000, 0x0000000086431008, 0x0000000086500000| 19%| S|CS|TAMS 0x0000000086400000, 0x0000000086400000| Complete 
|  33|0x0000000086500000, 0x0000000086600000, 0x0000000086600000|100%| S|CS|TAMS 0x0000000086500000, 0x0000000086500000| Complete 
|  34|0x0000000086600000, 0x0000000086700000, 0x0000000086700000|100%| S|CS|TAMS 0x0000000086600000, 0x0000000086600000| Complete 
|  35|0x0000000086700000, 0x0000000086700000, 0x0000000086800000|  0%| F|  |TAMS 0x0000000086700000, 0x0000000086700000| Untracked 
|  36|0x0000000086800000, 0x0000000086800000, 0x0000000086900000|  0%| F|  |TAMS 0x0000000086800000, 0x0000000086800000| Untracked 
|  37|0x0000000086900000, 0x0000000086900000, 0x0000000086a00000|  0%| F|  |TAMS 0x0000000086900000, 0x0000000086900000| Untracked 
|  38|0x0000000086a00000, 0x0000000086a00000, 0x0000000086b00000|  0%| F|  |TAMS 0x0000000086a00000, 0x0000000086a00000| Untracked 
|  39|0x0000000086b00000, 0x0000000086b00000, 0x0000000086c00000|  0%| F|  |TAMS 0x0000000086b00000, 0x0000000086b00000| Untracked 
|  40|0x0000000086c00000, 0x0000000086c00000, 0x0000000086d00000|  0%| F|  |TAMS 0x0000000086c00000, 0x0000000086c00000| Untracked 
|  41|0x0000000086d00000, 0x0000000086d00000, 0x0000000086e00000|  0%| F|  |TAMS 0x0000000086d00000, 0x0000000086d00000| Untracked 
|  42|0x0000000086e00000, 0x0000000086e00000, 0x0000000086f00000|  0%| F|  |TAMS 0x0000000086e00000, 0x0000000086e00000| Untracked 
|  43|0x0000000086f00000, 0x0000000086f00000, 0x0000000087000000|  0%| F|  |TAMS 0x0000000086f00000, 0x0000000086f00000| Untracked 
|  44|0x0000000087000000, 0x0000000087000000, 0x0000000087100000|  0%| F|  |TAMS 0x0000000087000000, 0x0000000087000000| Untracked 
|  45|0x0000000087100000, 0x0000000087100000, 0x0000000087200000|  0%| F|  |TAMS 0x0000000087100000, 0x0000000087100000| Untracked 
|  46|0x0000000087200000, 0x0000000087200000, 0x0000000087300000|  0%| F|  |TAMS 0x0000000087200000, 0x0000000087200000| Untracked 
|  47|0x0000000087300000, 0x0000000087300000, 0x0000000087400000|  0%| F|  |TAMS 0x0000000087300000, 0x0000000087300000| Untracked 
|  48|0x0000000087400000, 0x0000000087400000, 0x0000000087500000|  0%| F|  |TAMS 0x0000000087400000, 0x0000000087400000| Untracked 
|  49|0x0000000087500000, 0x0000000087500000, 0x0000000087600000|  0%| F|  |TAMS 0x0000000087500000, 0x0000000087500000| Untracked 
|  50|0x0000000087600000, 0x0000000087600000, 0x0000000087700000|  0%| F|  |TAMS 0x0000000087600000, 0x0000000087600000| Untracked 
|  51|0x0000000087700000, 0x0000000087700000, 0x0000000087800000|  0%| F|  |TAMS 0x0000000087700000, 0x0000000087700000| Untracked 
|  52|0x0000000087800000, 0x0000000087800000, 0x0000000087900000|  0%| F|  |TAMS 0x0000000087800000, 0x0000000087800000| Untracked 
| 101|0x000000008a900000, 0x000000008a900000, 0x000000008aa00000|  0%| F|  |TAMS 0x000000008a900000, 0x000000008a900000| Untracked 
| 102|0x000000008aa00000, 0x000000008aa00000, 0x000000008ab00000|  0%| F|  |TAMS 0x000000008aa00000, 0x000000008aa00000| Untracked 
| 103|0x000000008ab00000, 0x000000008ab00000, 0x000000008ac00000|  0%| F|  |TAMS 0x000000008ab00000, 0x000000008ab00000| Untracked 
| 104|0x000000008ac00000, 0x000000008ac00000, 0x000000008ad00000|  0%| F|  |TAMS 0x000000008ac00000, 0x000000008ac00000| Untracked 
| 105|0x000000008ad00000, 0x000000008ad00000, 0x000000008ae00000|  0%| F|  |TAMS 0x000000008ad00000, 0x000000008ad00000| Untracked 
| 106|0x000000008ae00000, 0x000000008ae00000, 0x000000008af00000|  0%| F|  |TAMS 0x000000008ae00000, 0x000000008ae00000| Untracked 
| 123|0x000000008bf00000, 0x000000008bf00000, 0x000000008c000000|  0%| F|  |TAMS 0x000000008bf00000, 0x000000008bf00000| Untracked 

Card table byte_map: [0x0000015f8b590000,0x0000015f8b970000] _byte_map_base: 0x0000015f8b16e000

Marking Bits (Prev, Next): (CMBitMap*) 0x0000015f808889c0, (CMBitMap*) 0x0000015f80888a00
 Prev Bits: [0x0000015f8bd50000, 0x0000015f8dc40000)
 Next Bits: [0x0000015f8dc40000, 0x0000015f8fb30000)

Polling page: 0x0000015f80000000

Metaspace:

Usage:
  Non-class:     47.53 MB used.
      Class:      7.99 MB used.
       Both:     55.51 MB used.

Virtual space:
  Non-class space:       56.00 MB reserved,      47.81 MB ( 85%) committed,  7 nodes.
      Class space:        1.00 GB reserved,       8.25 MB ( <1%) committed,  1 nodes.
             Both:        1.05 GB reserved,      56.06 MB (  5%) committed. 

Chunk freelists:
   Non-Class:  3.30 MB
       Class:  3.73 MB
        Both:  7.03 MB

MaxMetaspaceSize: unlimited
CompressedClassSpaceSize: 1.00 GB
Initial GC threshold: 21.00 MB
Current GC threshold: 58.88 MB
CDS: on
MetaspaceReclaimPolicy: balanced
 - commit_granule_bytes: 65536.
 - commit_granule_words: 8192.
 - virtual_space_node_default_size: 1048576.
 - enlarge_chunks_in_place: 1.
 - new_chunks_are_fully_committed: 0.
 - uncommit_free_chunks: 1.
 - use_allocation_guard: 0.
 - handle_deallocations: 1.


Internal statistics:

num_allocs_failed_limit: 6.
num_arena_births: 704.
num_arena_deaths: 0.
num_vsnodes_births: 8.
num_vsnodes_deaths: 0.
num_space_committed: 897.
num_space_uncommitted: 0.
num_chunks_returned_to_freelist: 6.
num_chunks_taken_from_freelist: 2782.
num_chunk_merges: 6.
num_chunk_splits: 2023.
num_chunks_enlarged: 1574.
num_purges: 0.
num_inconsistent_stats: 0.

CodeCache: size=49152Kb used=11593Kb max_used=11593Kb free=37558Kb
 bounds [0x0000015f880a0000, 0x0000015f88c00000, 0x0000015f8b0a0000]
 total_blobs=6404 nmethods=5757 adapters=570
 compilation: enabled
              stopped_count=0, restarted_count=0
 full_count=0

Compilation events (20 events):
Event: 15.134 Thread 0x0000015f92587350 nmethod 5748 0x0000015f88beee90 code [0x0000015f88bef060, 0x0000015f88bef288]
Event: 15.134 Thread 0x0000015f92587350 5749       1       org.springframework.beans.CachedIntrospectionResults::getPropertyDescriptor (65 bytes)
Event: 15.135 Thread 0x0000015f925b4b90 nmethod 5746 0x0000015f88bef410 code [0x0000015f88bef660, 0x0000015f88befbe8]
Event: 15.135 Thread 0x0000015f92587350 nmethod 5749 0x0000015f88beff10 code [0x0000015f88bf00e0, 0x0000015f88bf03c8]
Event: 15.136 Thread 0x0000015f94c3da90 5750   !   1       org.springframework.beans.factory.annotation.InitDestroyAnnotationBeanPostProcessor::findLifecycleMetadata (87 bytes)
Event: 15.136 Thread 0x0000015f94c3da90 nmethod 5750 0x0000015f88bf0590 code [0x0000015f88bf0780, 0x0000015f88bf0b08]
Event: 15.137 Thread 0x0000015f94c44c70 5751       1       org.springframework.beans.BeanWrapperImpl::getCachedIntrospectionResults (23 bytes)
Event: 15.137 Thread 0x0000015f94c44c70 nmethod 5751 0x0000015f88bf0d10 code [0x0000015f88bf0ec0, 0x0000015f88bf10f8]
Event: 15.138 Thread 0x0000015f925b4b90 5752       1       org.jboss.logging.DelegatingBasicLogger::isTraceEnabled (8 bytes)
Event: 15.138 Thread 0x0000015f925b4b90 nmethod 5752 0x0000015f88bf1210 code [0x0000015f88bf13a0, 0x0000015f88bf14a8]
Event: 15.139 Thread 0x0000015f925b4b90 5753       1       jdk.internal.reflect.ClassFileAssembler::opc_athrow (12 bytes)
Event: 15.140 Thread 0x0000015f925b4b90 nmethod 5753 0x0000015f88bf1590 code [0x0000015f88bf1720, 0x0000015f88bf1868]
Event: 15.169 Thread 0x0000015f94c3da90 5754       1       org.springframework.beans.factory.support.AbstractBeanFactory::getConversionService (5 bytes)
Event: 15.169 Thread 0x0000015f94c3da90 nmethod 5754 0x0000015f88bf1990 code [0x0000015f88bf1b20, 0x0000015f88bf1bf8]
Event: 15.170 Thread 0x0000015f94c3da90 5755       1       org.springframework.beans.PropertyEditorRegistrySupport::setConversionService (6 bytes)
Event: 15.170 Thread 0x0000015f94c3da90 nmethod 5755 0x0000015f88bf1c90 code [0x0000015f88bf1e20, 0x0000015f88bf1f38]
Event: 15.172 Thread 0x0000015f94c3da90 5756       1       org.hibernate.internal.AbstractSharedSessionContract::getFactory (5 bytes)
Event: 15.173 Thread 0x0000015f94c3da90 nmethod 5756 0x0000015f88bf1f90 code [0x0000015f88bf2120, 0x0000015f88bf21f8]
Event: 15.173 Thread 0x0000015f94c3da90 5757       1       org.hibernate.internal.AbstractSharedSessionContract::getTransactionCoordinator (5 bytes)
Event: 15.173 Thread 0x0000015f94c3da90 nmethod 5757 0x0000015f88bf2290 code [0x0000015f88bf2420, 0x0000015f88bf24f8]

GC Heap History (20 events):
Event: 8.053 GC heap after
{Heap after GC invocations=6 (full 0):
 garbage-first heap   total 51200K, used 15761K [0x0000000084400000, 0x0000000100000000)
  region size 1024K, 4 young (4096K), 4 survivors (4096K)
 Metaspace       used 24606K, committed 25024K, reserved 1073152K
  class space    used 3439K, committed 3648K, reserved 1048576K
}
Event: 8.084 GC heap before
{Heap before GC invocations=6 (full 0):
 garbage-first heap   total 51200K, used 16785K [0x0000000084400000, 0x0000000100000000)
  region size 1024K, 5 young (5120K), 4 survivors (4096K)
 Metaspace       used 24649K, committed 25088K, reserved 1073152K
  class space    used 3446K, committed 3648K, reserved 1048576K
}
Event: 8.094 GC heap after
{Heap after GC invocations=7 (full 0):
 garbage-first heap   total 61440K, used 16114K [0x0000000084400000, 0x0000000100000000)
  region size 1024K, 1 young (1024K), 1 survivors (1024K)
 Metaspace       used 24649K, committed 25088K, reserved 1073152K
  class space    used 3446K, committed 3648K, reserved 1048576K
}
Event: 9.080 GC heap before
{Heap before GC invocations=7 (full 0):
 garbage-first heap   total 61440K, used 43762K [0x0000000084400000, 0x0000000100000000)
  region size 1024K, 29 young (29696K), 1 survivors (1024K)
 Metaspace       used 31409K, committed 31808K, reserved 1081344K
  class space    used 4215K, committed 4416K, reserved 1048576K
}
Event: 9.092 GC heap after
{Heap after GC invocations=8 (full 0):
 garbage-first heap   total 61440K, used 17807K [0x0000000084400000, 0x0000000100000000)
  region size 1024K, 3 young (3072K), 3 survivors (3072K)
 Metaspace       used 31409K, committed 31808K, reserved 1081344K
  class space    used 4215K, committed 4416K, reserved 1048576K
}
Event: 9.887 GC heap before
{Heap before GC invocations=8 (full 0):
 garbage-first heap   total 61440K, used 39311K [0x0000000084400000, 0x0000000100000000)
  region size 1024K, 25 young (25600K), 3 survivors (3072K)
 Metaspace       used 35593K, committed 35968K, reserved 1081344K
  class space    used 4857K, committed 5056K, reserved 1048576K
}
Event: 9.892 GC heap after
{Heap after GC invocations=9 (full 0):
 garbage-first heap   total 61440K, used 18988K [0x0000000084400000, 0x0000000100000000)
  region size 1024K, 2 young (2048K), 2 survivors (2048K)
 Metaspace       used 35593K, committed 35968K, reserved 1081344K
  class space    used 4857K, committed 5056K, reserved 1048576K
}
Event: 11.025 GC heap before
{Heap before GC invocations=10 (full 0):
 garbage-first heap   total 61440K, used 44588K [0x0000000084400000, 0x0000000100000000)
  region size 1024K, 28 young (28672K), 2 survivors (2048K)
 Metaspace       used 41190K, committed 41600K, reserved 1089536K
  class space    used 5707K, committed 5888K, reserved 1048576K
}
Event: 11.030 GC heap after
{Heap after GC invocations=11 (full 0):
 garbage-first heap   total 61440K, used 20201K [0x0000000084400000, 0x0000000100000000)
  region size 1024K, 3 young (3072K), 3 survivors (3072K)
 Metaspace       used 41190K, committed 41600K, reserved 1089536K
  class space    used 5707K, committed 5888K, reserved 1048576K
}
Event: 11.081 GC heap before
{Heap before GC invocations=11 (full 0):
 garbage-first heap   total 61440K, used 21225K [0x0000000084400000, 0x0000000100000000)
  region size 1024K, 4 young (4096K), 3 survivors (3072K)
 Metaspace       used 41530K, committed 41984K, reserved 1089536K
  class space    used 5731K, committed 5952K, reserved 1048576K
}
Event: 11.086 GC heap after
{Heap after GC invocations=12 (full 0):
 garbage-first heap   total 61440K, used 20243K [0x0000000084400000, 0x0000000100000000)
  region size 1024K, 1 young (1024K), 1 survivors (1024K)
 Metaspace       used 41530K, committed 41984K, reserved 1089536K
  class space    used 5731K, committed 5952K, reserved 1048576K
}
Event: 12.335 GC heap before
{Heap before GC invocations=12 (full 0):
 garbage-first heap   total 61440K, used 46867K [0x0000000084400000, 0x0000000100000000)
  region size 1024K, 27 young (27648K), 1 survivors (1024K)
 Metaspace       used 47616K, committed 48192K, reserved 1097728K
  class space    used 6764K, committed 7040K, reserved 1048576K
}
Event: 12.340 GC heap after
{Heap after GC invocations=13 (full 0):
 garbage-first heap   total 61440K, used 20931K [0x0000000084400000, 0x0000000100000000)
  region size 1024K, 1 young (1024K), 1 survivors (1024K)
 Metaspace       used 47616K, committed 48192K, reserved 1097728K
  class space    used 6764K, committed 7040K, reserved 1048576K
}
Event: 13.499 GC heap before
{Heap before GC invocations=13 (full 0):
 garbage-first heap   total 61440K, used 48579K [0x0000000084400000, 0x0000000100000000)
  region size 1024K, 28 young (28672K), 1 survivors (1024K)
 Metaspace       used 51394K, committed 51904K, reserved 1097728K
  class space    used 7277K, committed 7552K, reserved 1048576K
}
Event: 13.504 GC heap after
{Heap after GC invocations=14 (full 0):
 garbage-first heap   total 61440K, used 22649K [0x0000000084400000, 0x0000000100000000)
  region size 1024K, 3 young (3072K), 3 survivors (3072K)
 Metaspace       used 51394K, committed 51904K, reserved 1097728K
  class space    used 7277K, committed 7552K, reserved 1048576K
}
Event: 14.087 GC heap before
{Heap before GC invocations=14 (full 0):
 garbage-first heap   total 61440K, used 48249K [0x0000000084400000, 0x0000000100000000)
  region size 1024K, 28 young (28672K), 3 survivors (3072K)
 Metaspace       used 53002K, committed 53504K, reserved 1097728K
  class space    used 7514K, committed 7808K, reserved 1048576K
}
Event: 14.092 GC heap after
{Heap after GC invocations=15 (full 0):
 garbage-first heap   total 61440K, used 23863K [0x0000000084400000, 0x0000000100000000)
  region size 1024K, 3 young (3072K), 3 survivors (3072K)
 Metaspace       used 53002K, committed 53504K, reserved 1097728K
  class space    used 7514K, committed 7808K, reserved 1048576K
}
Event: 14.905 GC heap before
{Heap before GC invocations=15 (full 0):
 garbage-first heap   total 61440K, used 47415K [0x0000000084400000, 0x0000000100000000)
  region size 1024K, 27 young (27648K), 3 survivors (3072K)
 Metaspace       used 56633K, committed 57152K, reserved 1105920K
  class space    used 8152K, committed 8384K, reserved 1048576K
}
Event: 14.914 GC heap after
{Heap after GC invocations=16 (full 0):
 garbage-first heap   total 61440K, used 25443K [0x0000000084400000, 0x0000000100000000)
  region size 1024K, 3 young (3072K), 3 survivors (3072K)
 Metaspace       used 56633K, committed 57152K, reserved 1105920K
  class space    used 8152K, committed 8384K, reserved 1048576K
}
Event: 15.174 GC heap before
{Heap before GC invocations=16 (full 0):
 garbage-first heap   total 61440K, used 50019K [0x0000000084400000, 0x0000000100000000)
  region size 1024K, 27 young (27648K), 3 survivors (3072K)
 Metaspace       used 56847K, committed 57408K, reserved 1105920K
  class space    used 8177K, committed 8448K, reserved 1048576K
}

Deoptimization events (6 events):
Event: 4.641 Thread 0x0000015f8082faf0 DEOPT PACKING pc=0x0000015f88651699 sp=0x0000000da3bfd430
Event: 4.641 Thread 0x0000015f8082faf0 DEOPT UNPACKING pc=0x0000015f880f2b43 sp=0x0000000da3bfc910 mode 3
Event: 9.114 Thread 0x0000015f8082faf0 DEOPT PACKING pc=0x0000015f888f8b9d sp=0x0000000da3bfc770
Event: 9.114 Thread 0x0000015f8082faf0 DEOPT UNPACKING pc=0x0000015f880f2b43 sp=0x0000000da3bfbcd8 mode 3
Event: 13.710 Thread 0x0000015f8082faf0 DEOPT PACKING pc=0x0000015f889565ac sp=0x0000000da3bfcfd0
Event: 13.710 Thread 0x0000015f8082faf0 DEOPT UNPACKING pc=0x0000015f880f2b43 sp=0x0000000da3bfc528 mode 0

Classes unloaded (0 events):
No events

Classes redefined (0 events):
No events

Internal exceptions (20 events):
Event: 11.438 Thread 0x0000015f8082faf0 Exception <a 'java/lang/NoSuchMethodError'{0x00000000877710b0}: 'java.lang.Object java.lang.invoke.DirectMethodHandle$Holder.invokeStatic(java.lang.Object, java.lang.Object, int, java.lang.Object)'> (0x00000000877710b0) 
thrown [s\open\src\hotspot\share\interpreter\linkResolver.cpp, line 759]
Event: 11.439 Thread 0x0000015f8082faf0 Exception <a 'java/lang/NoSuchMethodError'{0x0000000087774b48}: 'java.lang.Object java.lang.invoke.DirectMethodHandle$Holder.invokeStaticInit(java.lang.Object, java.lang.Object, int, java.lang.Object)'> (0x0000000087774b48) 
thrown [s\open\src\hotspot\share\interpreter\linkResolver.cpp, line 759]
Event: 11.488 Thread 0x0000015f8082faf0 Exception <a 'java/lang/IncompatibleClassChangeError'{0x00000000876f7b78}: Found class java.lang.Object, but interface was expected> (0x00000000876f7b78) 
thrown [s\open\src\hotspot\share\interpreter\linkResolver.cpp, line 826]
Event: 12.651 Thread 0x0000015f8082faf0 Exception <a 'java/lang/NoSuchMethodError'{0x0000000087695368}: 'int java.lang.invoke.DirectMethodHandle$Holder.invokeStatic(java.lang.Object, java.lang.Object, java.lang.Object, java.lang.Object, java.lang.Object)'> (0x0000000087695368) 
thrown [s\open\src\hotspot\share\interpreter\linkResolver.cpp, line 759]
Event: 12.652 Thread 0x0000015f8082faf0 Exception <a 'java/lang/NoSuchMethodError'{0x00000000876a8d88}: 'java.lang.Object java.lang.invoke.DirectMethodHandle$Holder.newInvokeSpecial(java.lang.Object, java.lang.Object, java.lang.Object, java.lang.Object, java.lang.Object, java.lang.Object, java.lang.Object)'> (0x00000000876a8d88) 
thrown [s\open\src\hotspot\share\interpreter\linkResolver.cpp, line 759]
Event: 12.749 Thread 0x0000015f8082faf0 Exception <a 'java/lang/NoSuchMethodError'{0x00000000874ba358}: 'java.lang.Object java.lang.invoke.DirectMethodHandle$Holder.newInvokeSpecial(java.lang.Object, java.lang.Object, java.lang.Object, java.lang.Object, java.lang.Object, java.lang.Object, java.lang.Object, int)'> (0x00000000874ba358) 
thrown [s\open\src\hotspot\share\interpreter\linkResolver.cpp, line 759]
Event: 12.749 Thread 0x0000015f8082faf0 Exception <a 'java/lang/NoSuchMethodError'{0x00000000874bf350}: 'java.lang.Object java.lang.invoke.DirectMethodHandle$Holder.invokeSpecial(java.lang.Object, java.lang.Object, java.lang.Object, java.lang.Object, java.lang.Object, java.lang.Object, java.lang.Object, java.lang.Object, int)'> (0x00000000874bf350) 
thrown [s\open\src\hotspot\share\interpreter\linkResolver.cpp, line 759]
Event: 12.850 Thread 0x0000015f8082faf0 Exception <a 'java/lang/NoSuchMethodError'{0x000000008727acb0}: 'java.lang.Object java.lang.invoke.DirectMethodHandle$Holder.newInvokeSpecial(java.lang.Object, java.lang.Object, int, java.lang.Object, int, java.lang.Object, java.lang.Object, java.lang.Object)'> (0x000000008727acb0) 
thrown [s\open\src\hotspot\share\interpreter\linkResolver.cpp, line 759]
Event: 12.851 Thread 0x0000015f8082faf0 Exception <a 'java/lang/NoSuchMethodError'{0x0000000087287c40}: 'int java.lang.invoke.DirectMethodHandle$Holder.invokeSpecial(java.lang.Object, java.lang.Object, java.lang.Object, java.lang.Object, java.lang.Object, java.lang.Object)'> (0x0000000087287c40) 
thrown [s\open\src\hotspot\share\interpreter\linkResolver.cpp, line 759]
Event: 12.908 Thread 0x0000015f8082faf0 Exception <a 'java/lang/NoSuchMethodError'{0x0000000087179c48}: 'void java.lang.invoke.DirectMethodHandle$Holder.invokeInterface(java.lang.Object, java.lang.Object)'> (0x0000000087179c48) 
thrown [s\open\src\hotspot\share\interpreter\linkResolver.cpp, line 759]
Event: 13.373 Thread 0x0000015f8082faf0 Exception <a 'java/lang/IncompatibleClassChangeError'{0x0000000086711350}: Found class java.lang.Object, but interface was expected> (0x0000000086711350) 
thrown [s\open\src\hotspot\share\interpreter\linkResolver.cpp, line 826]
Event: 13.451 Thread 0x0000015f8082faf0 Exception <a 'java/lang/IncompatibleClassChangeError'{0x00000000866e3ef8}: Found class java.lang.Object, but interface was expected> (0x00000000866e3ef8) 
thrown [s\open\src\hotspot\share\interpreter\linkResolver.cpp, line 826]
Event: 13.897 Thread 0x0000015f8082faf0 Exception <a 'java/lang/IncompatibleClassChangeError'{0x0000000087766ec0}: Found class java.lang.Object, but interface was expected> (0x0000000087766ec0) 
thrown [s\open\src\hotspot\share\interpreter\linkResolver.cpp, line 826]
Event: 14.139 Thread 0x0000015f8082faf0 Exception <a 'java/lang/NoSuchMethodError'{0x000000008adb5770}: 'int java.lang.invoke.DirectMethodHandle$Holder.invokeStatic(java.lang.Object, int, java.lang.Object)'> (0x000000008adb5770) 
thrown [s\open\src\hotspot\share\interpreter\linkResolver.cpp, line 759]
Event: 14.167 Thread 0x0000015f8082faf0 Exception <a 'java/lang/reflect/InvocationTargetException'{0x000000008ac8dbb8}> (0x000000008ac8dbb8) 
thrown [s\open\src\hotspot\share\runtime\reflection.cpp, line 1121]
Event: 14.698 Thread 0x0000015f8082faf0 Exception <a 'java/lang/NoSuchMethodError'{0x0000000086ba3ef0}: 'int java.lang.invoke.DirectMethodHandle$Holder.invokeStatic(java.lang.Object)'> (0x0000000086ba3ef0) 
thrown [s\open\src\hotspot\share\interpreter\linkResolver.cpp, line 759]
Event: 14.878 Thread 0x0000015f8082faf0 Exception <a 'java/lang/reflect/InvocationTargetException'{0x00000000869c8d30}> (0x00000000869c8d30) 
thrown [s\open\src\hotspot\share\runtime\reflection.cpp, line 1121]
Event: 14.936 Thread 0x0000015f8082faf0 Exception <a 'java/lang/reflect/InvocationTargetException'{0x000000008bf98308}> (0x000000008bf98308) 
thrown [s\open\src\hotspot\share\runtime\reflection.cpp, line 1121]
Event: 15.038 Thread 0x0000015f8082faf0 Exception <a 'java/lang/IncompatibleClassChangeError'{0x000000008aa7dc10}: Found class java.lang.Object, but interface was expected> (0x000000008aa7dc10) 
thrown [s\open\src\hotspot\share\interpreter\linkResolver.cpp, line 826]
Event: 15.045 Thread 0x0000015f8082faf0 Exception <a 'java/lang/reflect/InvocationTargetException'{0x000000008aa99038}> (0x000000008aa99038) 
thrown [s\open\src\hotspot\share\runtime\reflection.cpp, line 1121]

VM Operations (20 events):
Event: 13.709 Executing VM operation: HandshakeAllThreads done
Event: 13.709 Executing VM operation: HandshakeAllThreads
Event: 13.709 Executing VM operation: HandshakeAllThreads done
Event: 13.956 Executing VM operation: HandshakeAllThreads
Event: 13.956 Executing VM operation: HandshakeAllThreads done
Event: 13.958 Executing VM operation: HandshakeAllThreads
Event: 13.958 Executing VM operation: HandshakeAllThreads done
Event: 14.087 Executing VM operation: G1CollectForAllocation
Event: 14.092 Executing VM operation: G1CollectForAllocation done
Event: 14.242 Executing VM operation: HandshakeAllThreads
Event: 14.242 Executing VM operation: HandshakeAllThreads done
Event: 14.249 Executing VM operation: HandshakeAllThreads
Event: 14.249 Executing VM operation: HandshakeAllThreads done
Event: 14.506 Executing VM operation: HandshakeAllThreads
Event: 14.506 Executing VM operation: HandshakeAllThreads done
Event: 14.743 Executing VM operation: HandshakeAllThreads
Event: 14.743 Executing VM operation: HandshakeAllThreads done
Event: 14.905 Executing VM operation: G1CollectForAllocation
Event: 14.914 Executing VM operation: G1CollectForAllocation done
Event: 15.174 Executing VM operation: G1CollectForAllocation

Events (20 events):
Event: 14.133 loading class java/util/regex/Pattern$LookBehindEndNode done
Event: 14.133 loading class java/util/regex/Pattern$NotBehind
Event: 14.133 loading class java/util/regex/Pattern$NotBehind done
Event: 14.133 loading class java/util/regex/Pattern$Behind
Event: 14.133 loading class java/util/regex/Pattern$Behind done
Event: 14.137 loading class java/util/regex/Pattern$1
Event: 14.137 loading class java/util/regex/Pattern$1 done
Event: 14.215 loading class java/util/EmptyStackException
Event: 14.215 loading class java/util/EmptyStackException done
Event: 14.224 loading class java/io/InvalidClassException
Event: 14.224 loading class java/io/InvalidClassException done
Event: 14.241 loading class java/util/ArrayList$ListItr
Event: 14.241 loading class java/util/ArrayList$ListItr done
Event: 14.297 Thread 0x0000015f952fd580 Thread exited: 0x0000015f952fd580
Event: 14.414 Thread 0x0000015f952faa30 Thread added: 0x0000015f952faa30
Event: 14.419 Thread 0x0000015f952faa30 Thread exited: 0x0000015f952faa30
Event: 14.926 Thread 0x0000015f952fd0b0 Thread added: 0x0000015f952fd0b0
Event: 14.935 Thread 0x0000015f952fd0b0 Thread exited: 0x0000015f952fd0b0
Event: 15.062 loading class java/util/regex/Pattern$SliceU
Event: 15.062 loading class java/util/regex/Pattern$SliceU done


Dynamic libraries:
0x00007ff75d5e0000 - 0x00007ff75d5f0000 	C:\Program Files\Java\jdk-17.0.5\bin\java.exe
0x00007ffa88c30000 - 0x00007ffa88e28000 	C:\Windows\SYSTEM32\ntdll.dll
0x00007ffa88950000 - 0x00007ffa88a0f000 	C:\Windows\System32\KERNEL32.DLL
0x00007ffa86430000 - 0x00007ffa86726000 	C:\Windows\System32\KERNELBASE.dll
0x00007ffa869a0000 - 0x00007ffa86aa0000 	C:\Windows\System32\ucrtbase.dll
0x00007ffa69660000 - 0x00007ffa69678000 	C:\Program Files\Java\jdk-17.0.5\bin\jli.dll
0x00007ffa695c0000 - 0x00007ffa695da000 	C:\Program Files\Java\jdk-17.0.5\bin\VCRUNTIME140.dll
0x00007ffa87f60000 - 0x00007ffa8800f000 	C:\Windows\System32\ADVAPI32.dll
0x00007ffa877f0000 - 0x00007ffa8788e000 	C:\Windows\System32\msvcrt.dll
0x00007ffa88a70000 - 0x00007ffa88b0c000 	C:\Windows\System32\sechost.dll
0x00007ffa87a60000 - 0x00007ffa87b86000 	C:\Windows\System32\RPCRT4.dll
0x00007ffa88600000 - 0x00007ffa8879d000 	C:\Windows\System32\USER32.dll
0x00007ffa86920000 - 0x00007ffa86942000 	C:\Windows\System32\win32u.dll
0x00007ffa6c870000 - 0x00007ffa6cb0a000 	C:\Windows\WinSxS\amd64_microsoft.windows.common-controls_6595b64144ccf1df_6.0.19041.1110_none_60b5254171f9507e\COMCTL32.dll
0x00007ffa879c0000 - 0x00007ffa879ec000 	C:\Windows\System32\GDI32.dll
0x00007ffa86b70000 - 0x00007ffa86c85000 	C:\Windows\System32\gdi32full.dll
0x00007ffa86ad0000 - 0x00007ffa86b6d000 	C:\Windows\System32\msvcp_win.dll
0x00007ffa7dfb0000 - 0x00007ffa7dfba000 	C:\Windows\SYSTEM32\VERSION.dll
0x00007ffa88bc0000 - 0x00007ffa88bf0000 	C:\Windows\System32\IMM32.DLL
0x00007ffa7da10000 - 0x00007ffa7da1c000 	C:\Program Files\Java\jdk-17.0.5\bin\vcruntime140_1.dll
0x00007ffa4bde0000 - 0x00007ffa4be6d000 	C:\Program Files\Java\jdk-17.0.5\bin\msvcp140.dll
0x00007ffa22240000 - 0x00007ffa22e02000 	C:\Program Files\Java\jdk-17.0.5\bin\server\jvm.dll
0x00007ffa86c90000 - 0x00007ffa86c98000 	C:\Windows\System32\PSAPI.DLL
0x00007ffa82d70000 - 0x00007ffa82d79000 	C:\Windows\SYSTEM32\WSOCK32.dll
0x00007ffa87b90000 - 0x00007ffa87bfb000 	C:\Windows\System32\WS2_32.dll
0x00007ffa6bac0000 - 0x00007ffa6bae7000 	C:\Windows\SYSTEM32\WINMM.dll
0x00007ffa84b20000 - 0x00007ffa84b32000 	C:\Windows\SYSTEM32\kernel.appcore.dll
0x00007ffa69920000 - 0x00007ffa6992a000 	C:\Program Files\Java\jdk-17.0.5\bin\jimage.dll
0x00007ffa83dd0000 - 0x00007ffa83fb4000 	C:\Windows\SYSTEM32\DBGHELP.DLL
0x00007ffa70ef0000 - 0x00007ffa70f24000 	C:\Windows\SYSTEM32\dbgcore.DLL
0x00007ffa86730000 - 0x00007ffa867b2000 	C:\Windows\System32\bcryptPrimitives.dll
0x00007ffa7e0d0000 - 0x00007ffa7e0de000 	C:\Program Files\Java\jdk-17.0.5\bin\instrument.dll
0x00007ffa52590000 - 0x00007ffa525b5000 	C:\Program Files\Java\jdk-17.0.5\bin\java.dll
0x00007ffa4bc30000 - 0x00007ffa4bd06000 	C:\Program Files\Java\jdk-17.0.5\bin\jsvml.dll
0x00007ffa86dc0000 - 0x00007ffa87504000 	C:\Windows\System32\SHELL32.dll
0x00007ffa840c0000 - 0x00007ffa84853000 	C:\Windows\SYSTEM32\windows.storage.dll
0x00007ffa87c00000 - 0x00007ffa87f54000 	C:\Windows\System32\combase.dll
0x00007ffa85c90000 - 0x00007ffa85cbe000 	C:\Windows\SYSTEM32\Wldp.dll
0x00007ffa88820000 - 0x00007ffa888cd000 	C:\Windows\System32\SHCORE.dll
0x00007ffa87510000 - 0x00007ffa87565000 	C:\Windows\System32\shlwapi.dll
0x00007ffa86250000 - 0x00007ffa8626f000 	C:\Windows\SYSTEM32\profapi.dll
0x00007ffa53530000 - 0x00007ffa53548000 	C:\Program Files\Java\jdk-17.0.5\bin\zip.dll
0x00007ffa58450000 - 0x00007ffa58469000 	C:\Program Files\Java\jdk-17.0.5\bin\net.dll
0x00007ffa80e70000 - 0x00007ffa80f7a000 	C:\Windows\SYSTEM32\WINHTTP.dll
0x00007ffa85a70000 - 0x00007ffa85ada000 	C:\Windows\system32\mswsock.dll
0x00007ffa54060000 - 0x00007ffa54076000 	C:\Program Files\Java\jdk-17.0.5\bin\nio.dll
0x00007ffa697a0000 - 0x00007ffa697ba000 	C:\Program Files\JetBrains\IntelliJ IDEA 2022.2.2\bin\breakgen64.dll
0x00007ffa85750000 - 0x00007ffa8581b000 	C:\Windows\SYSTEM32\DNSAPI.dll
0x00007ffa85710000 - 0x00007ffa8574c000 	C:\Windows\SYSTEM32\IPHLPAPI.DLL
0x00007ffa87a50000 - 0x00007ffa87a58000 	C:\Windows\System32\NSI.dll
0x00007ffa78780000 - 0x00007ffa7878a000 	C:\Windows\System32\rasadhlp.dll
0x00007ffa781c0000 - 0x00007ffa78242000 	C:\Windows\System32\fwpuclnt.dll
0x00007ffa86aa0000 - 0x00007ffa86ac7000 	C:\Windows\System32\bcrypt.dll
0x00007ffa7dab0000 - 0x00007ffa7dab9000 	C:\Program Files\Java\jdk-17.0.5\bin\management.dll
0x00007ffa7daa0000 - 0x00007ffa7daab000 	C:\Program Files\Java\jdk-17.0.5\bin\management_ext.dll
0x00007ffa85cd0000 - 0x00007ffa85ce8000 	C:\Windows\SYSTEM32\CRYPTSP.dll
0x00007ffa85340000 - 0x00007ffa85374000 	C:\Windows\system32\rsaenh.dll
0x00007ffa86210000 - 0x00007ffa8623e000 	C:\Windows\SYSTEM32\USERENV.dll
0x00007ffa85c00000 - 0x00007ffa85c0c000 	C:\Windows\SYSTEM32\CRYPTBASE.dll
0x00007ffa7d600000 - 0x00007ffa7d617000 	C:\Windows\SYSTEM32\dhcpcsvc6.DLL
0x00007ffa7d530000 - 0x00007ffa7d54d000 	C:\Windows\SYSTEM32\dhcpcsvc.DLL
0x00007ffa69990000 - 0x00007ffa699a7000 	C:\Windows\system32\napinsp.dll
0x00007ffa6c720000 - 0x00007ffa6c73b000 	C:\Windows\system32\pnrpnsp.dll
0x00007ffa5c6c0000 - 0x00007ffa5c6d5000 	C:\Windows\system32\wshbth.dll
0x00007ffa81510000 - 0x00007ffa8152d000 	C:\Windows\system32\NLAapi.dll
0x00007ffa6ebb0000 - 0x00007ffa6ebc2000 	C:\Windows\System32\winrnr.dll
0x00007ffa67b30000 - 0x00007ffa67b40000 	C:\Program Files\Java\jdk-17.0.5\bin\verify.dll
0x00007ffa7d880000 - 0x00007ffa7d88e000 	C:\Program Files\Java\jdk-17.0.5\bin\sunmscapi.dll
0x00007ffa867c0000 - 0x00007ffa8691e000 	C:\Windows\System32\CRYPT32.dll
0x00007ffa85de0000 - 0x00007ffa85e08000 	C:\Windows\SYSTEM32\ncrypt.dll
0x00007ffa85da0000 - 0x00007ffa85ddb000 	C:\Windows\SYSTEM32\NTASN1.dll

dbghelp: loaded successfully - version: 4.0.5 - missing functions: none
symbol engine: initialized successfully - sym options: 0x614 - pdb path: .;C:\Program Files\Java\jdk-17.0.5\bin;C:\Windows\SYSTEM32;C:\Windows\WinSxS\amd64_microsoft.windows.common-controls_6595b64144ccf1df_6.0.19041.1110_none_60b5254171f9507e;C:\Program Files\Java\jdk-17.0.5\bin\server;C:\Program Files\JetBrains\IntelliJ IDEA 2022.2.2\bin

VM Arguments:
jvm_args: -XX:TieredStopAtLevel=1 -Dspring.output.ansi.enabled=always -Dcom.sun.management.jmxremote -Dspring.jmx.enabled=true -Dspring.liveBeansView.mbeanDomain -Dspring.application.admin.enabled=true -Dmanagement.endpoints.jmx.exposure.include=* -javaagent:C:\Program Files\JetBrains\IntelliJ IDEA 2022.2.2\lib\idea_rt.jar=51757:C:\Program Files\JetBrains\IntelliJ IDEA 2022.2.2\bin -Dfile.encoding=UTF-8 
java_command: pi.enset.PiApplication
java_class_path (initial): C:\Users\Yasser\Documents\BDCC2-S4\GitProjects\GESTION_EMPLOIS_TEMPS\backEnd\target\classes;C:\Users\Yasser\.m2\repository\org\springframework\boot\spring-boot-starter-thymeleaf\3.0.5\spring-boot-starter-thymeleaf-3.0.5.jar;C:\Users\Yasser\.m2\repository\org\springframework\boot\spring-boot-starter\3.0.5\spring-boot-starter-3.0.5.jar;C:\Users\Yasser\.m2\repository\org\springframework\boot\spring-boot\3.0.5\spring-boot-3.0.5.jar;C:\Users\Yasser\.m2\repository\org\springframework\boot\spring-boot-autoconfigure\3.0.5\spring-boot-autoconfigure-3.0.5.jar;C:\Users\Yasser\.m2\repository\org\springframework\boot\spring-boot-starter-logging\3.0.5\spring-boot-starter-logging-3.0.5.jar;C:\Users\Yasser\.m2\repository\ch\qos\logback\logback-classic\1.4.6\logback-classic-1.4.6.jar;C:\Users\Yasser\.m2\repository\ch\qos\logback\logback-core\1.4.6\logback-core-1.4.6.jar;C:\Users\Yasser\.m2\repository\org\apache\logging\log4j\log4j-to-slf4j\2.19.0\log4j-to-slf4j-2.19.0.jar;C:\Users\Yasser\.m2\repository\org\apache\logging\log4j\log4j-api\2.19.0\log4j-api-2.19.0.jar;C:\Users\Yasser\.m2\repository\org\slf4j\jul-to-slf4j\2.0.7\jul-to-slf4j-2.0.7.jar;C:\Users\Yasser\.m2\repository\jakarta\annotation\jakarta.annotation-api\2.1.1\jakarta.annotation-api-2.1.1.jar;C:\Users\Yasser\.m2\repository\org\yaml\snakeyaml\1.33\snakeyaml-1.33.jar;C:\Users\Yasser\.m2\repository\org\thymeleaf\thymeleaf-spring6\3.1.1.RELEASE\thymeleaf-spring6-3.1.1.RELEASE.jar;C:\Users\Yasser\.m2\repository\org\thymeleaf\thymeleaf\3.1.1.RELEASE\thymeleaf-3.1.1.RELEASE.jar;C:\Users\Yasser\.m2\repository\org\attoparser\attoparser\2.0.6.RELEASE\attoparser-2.0.6.RELEASE.jar;C:\Users\Yasser\.m2\repository\org\unbescape\unbescape\1.1.6.RELEASE\unbescape-1.1.6.RELEASE.jar;C:\Users\Yasser\.m2\repository\org\slf4j\slf4j-api\2.0.7\slf4j-api-2.0.7.jar;C:\Users\Yasser\.m2\repository\org\springframework\boot\spring-boot-starter-web\3.0.5\spring-boot-starter-web-3.0.5.jar;C:\Users\Yasser\.m2\repository\org
Launcher Type: SUN_STANDARD

[Global flags]
     intx CICompilerCount                          = 4                                         {product} {ergonomic}
     uint ConcGCThreads                            = 2                                         {product} {ergonomic}
     uint G1ConcRefinementThreads                  = 8                                         {product} {ergonomic}
   size_t G1HeapRegionSize                         = 1048576                                   {product} {ergonomic}
    uintx GCDrainStackTargetSize                   = 64                                        {product} {ergonomic}
   size_t InitialHeapSize                          = 130023424                                 {product} {ergonomic}
     bool ManagementServer                         = true                                      {product} {command line}
   size_t MarkStackSize                            = 4194304                                   {product} {ergonomic}
   size_t MaxHeapSize                              = 2076180480                                {product} {ergonomic}
   size_t MaxNewSize                               = 1245708288                                {product} {ergonomic}
   size_t MinHeapDeltaBytes                        = 1048576                                   {product} {ergonomic}
   size_t MinHeapSize                              = 8388608                                   {product} {ergonomic}
    uintx NonProfiledCodeHeapSize                  = 0                                      {pd product} {ergonomic}
     bool ProfileInterpreter                       = false                                  {pd product} {command line}
    uintx ProfiledCodeHeapSize                     = 0                                      {pd product} {ergonomic}
   size_t SoftMaxHeapSize                          = 2076180480                             {manageable} {ergonomic}
     intx TieredStopAtLevel                        = 1                                         {product} {command line}
     bool UseCompressedClassPointers               = true                           {product lp64_product} {ergonomic}
     bool UseCompressedOops                        = true                           {product lp64_product} {ergonomic}
     bool UseG1GC                                  = true                                      {product} {ergonomic}
     bool UseLargePagesIndividualAllocation        = false                                  {pd product} {ergonomic}

Logging:
Log output configuration:
 #0: stdout all=warning uptime,level,tags
 #1: stderr all=off uptime,level,tags

Environment Variables:
PATH=C:\Program Files (x86)\VMware\VMware Workstation\bin\;C:\Program Files\Common Files\Oracle\Java\javapath;C:\Program Files (x86)\Common Files\Oracle\Java\javapath;C:\Windows\system32;C:\Windows;C:\Windows\System32\Wbem;C:\Windows\System32\WindowsPowerShell\v1.0\;C:\Windows\System32\OpenSSH\;C:\ProgramData\chocolatey\bin;C:\Program Files\Microsoft SQL Server\130\Tools\Binn\;C:\Program Files (x86)\Intel\Intel(R) Management Engine Components\DAL;C:\Program Files\Intel\Intel(R) Management Engine Components\DAL;C:\Program Files\Git\cmd;C:\Program Files\nodejs\;C:\Program Files\dotnet\;C:\Program Files\Java\jdk1.8.0_202\bin;C:\flutter\bin;C:\apps\spark-3.4.0-bin-hadoop3\bin;C:\Users\Yasser\AppData\Local\Programs\Python\Python311\Scripts\;C:\Users\Yasser\AppData\Local\Programs\Python\Python311\;C:\Users\Yasser\AppData\Local\Programs\Python\Python39\Scripts\;C:\Users\Yasser\AppData\Local\Programs\Python\Python39\;C:\Users\Yasser\AppData\Local\Microsoft\WindowsApps;C:\tools\neovim\Neovim\bin;C:\Program Files\Git\bin;C:\Users\Yasser\AppData\Local\Programs\Microsoft VS Code\bin;C:\Program Files\JetBrains\IntelliJ IDEA 2022.2.2\bin;;C:\Program Files\JetBrains\PyCharm 2021.3\bin;;C:\Program Files (x86)\mingw-w64\i686-8.1.0-posix-dwarf-rt_v6-rev0\mingw32\bin;C:\Users\Yasser\AppData\Roaming\npm;C:\Program Files\heroku\bin;C:\src\flutter\bin;C:\Program Files\Java\jdk1.8.0_202\bin;C:\Program Files\MongoDB\Server\6.0\bin;C:\flutter\bin
USERNAME=Yasser
OS=Windows_NT
PROCESSOR_IDENTIFIER=Intel64 Family 6 Model 142 Stepping 10, GenuineIntel



---------------  S Y S T E M  ---------------

OS:
 Windows 10 , 64 bit Build 19041 (10.0.19041.2913)
OS uptime: 0 days 18:14 hours
Hyper-V role detected

CPU: total 8 (initial active 8) (4 cores per cpu, 2 threads per core) family 6 model 142 stepping 10 microcode 0xea, cx8, cmov, fxsr, ht, mmx, 3dnowpref, sse, sse2, sse3, ssse3, sse4.1, sse4.2, popcnt, lzcnt, tsc, tscinvbit, avx, avx2, aes, erms, clmul, bmi1, bmi2, adx, fma, vzeroupper, clflush, clflushopt, hv

Memory: 4k page, system-wide physical 7915M (474M free)
TotalPageFile size 11915M (AvailPageFile size 31M)
current process WorkingSet (physical memory assigned to process): 190M, peak: 190M
current process commit charge ("private bytes"): 230M, peak: 278M

vm_info: Java HotSpot(TM) 64-Bit Server VM (17.0.5+9-LTS-191) for windows-amd64 JRE (17.0.5+9-LTS-191), built on Sep 13 2022 17:31:43 by "mach5one" with MS VC++ 16.8 / 16.9 (VS2019)

END.
